<?xml version="1.0" encoding="UTF-8"?>
<!-- Generated by org.testng.reporters.JUnitXMLReporter -->
<testsuite ignored="0" hostname="DESKTOP-H8HE922" failures="1" tests="4" name="listener Testing" time="3.943" errors="0" timestamp="2023-09-29T21:53:29 IST">
  <testcase classname="tests_scenarios.FacebookTest" name="launchapp" time="2.187"/>
  <testcase classname="tests_scenarios.FacebookTest" name="verifyusername" time="0.472">
    <failure type="java.lang.AssertionError" message="expected [true] but found [false]">
      <![CDATA[java.lang.AssertionError: expected [true] but found [false]
at tests_scenarios.FacebookTest.verifyusername(FacebookTest.java:41)
at java.base/java.util.ArrayList.forEach(ArrayList.java:1511)
... Removed 31 stack frames]]>
    </failure>
  </testcase> <!-- verifyusername -->
  <testcase classname="tests_scenarios.FacebookTest" name="verifypassword" time="0.484"/>
  <testcase classname="tests_scenarios.FacebookTest" name="verifyuser" time="0.208"/>
</testsuite> <!-- listener Testing -->
